<?xml version="1.0" encoding="UTF-8"?>
<!-- Generated by org.testng.reporters.JUnitXMLReporter -->
<testsuite ignored="2" hostname="TVDI-045" failures="0" tests="1" name="Default test" time="0.101" errors="0" timestamp="2024-01-05T08:09:17 IST">
  <testcase classname="com.task.Loop" name="numberPattern" time="0.02"/>
  <testcase classname="com.task.Loop" name="pyramidPattern" time="0.0">
    <ignored/>
  </testcase> <!-- pyramidPattern -->
  <testcase classname="com.task.Loop" name="starPattern" time="0.0">
    <ignored/>
  </testcase> <!-- starPattern -->
</testsuite> <!-- Default test -->
