<?xml version="1.0" encoding="UTF-8"?>
<!-- Generated by org.testng.reporters.JUnitXMLReporter -->
<testsuite ignored="0" hostname="TVDI-045" failures="1" tests="2" name="Test2" time="5.818" errors="0" timestamp="2023-12-31T12:42:04 IST">
  <testcase classname="com.task.DynamicTable" name="dataTable" time="0.0">
    <failure type="org.testng.TestNGException" message="
Parameter &amp;apos;BrowserOne&amp;apos; is required by @Test on method dataTable but has not been marked @Optional or defined
in C:\Users\VDI003\eclipse-workspace\45\PS\Icon\testng.xml">
      <![CDATA[org.testng.TestNGException: 
Parameter 'BrowserOne' is required by @Test on method dataTable but has not been marked @Optional or defined
in C:\Users\VDI003\eclipse-workspace\45\PS\Icon\testng.xml
at java.base/java.util.concurrent.ThreadPoolExecutor.runWorker(ThreadPoolExecutor.java:1136)
at java.base/java.util.concurrent.ThreadPoolExecutor$Worker.run(ThreadPoolExecutor.java:635)
at java.base/java.lang.Thread.run(Thread.java:840)
... Removed 11 stack frames]]>
    </failure>
  </testcase> <!-- dataTable -->
  <testcase classname="com.task.DynamicTable" name="dataTableParticularValue" time="5.803"/>
</testsuite> <!-- Test2 -->
