<?xml version="1.0" encoding="UTF-8"?>
<testng-results ignored="2" total="3" passed="1" failed="0" skipped="0">
  <reporter-output>
  </reporter-output>
  <suite started-at="2024-01-05T08:09:17 IST" name="Default suite" finished-at="2024-01-05T08:09:17 IST" duration-ms="101">
    <groups>
    </groups>
    <test started-at="2024-01-05T08:09:17 IST" name="Default test" finished-at="2024-01-05T08:09:17 IST" duration-ms="101">
      <class name="com.task.Loop">
        <test-method signature="numberPattern()[pri:0, instance:com.task.Loop@413d1baf]" started-at="2024-01-05T08:09:17 IST" name="numberPattern" finished-at="2024-01-05T08:09:17 IST" duration-ms="20" status="PASS">
          <reporter-output>
          </reporter-output>
        </test-method> <!-- numberPattern -->
      </class> <!-- com.task.Loop -->
    </test> <!-- Default test -->
  </suite> <!-- Default suite -->
</testng-results>
