<?xml version="1.0" encoding="UTF-8"?>
<testng-results ignored="0" total="1" passed="1" failed="0" skipped="0">
  <reporter-output>
  </reporter-output>
  <suite started-at="2024-01-03T14:43:07 IST" name="Default suite" finished-at="2024-01-03T14:43:23 IST" duration-ms="16582">
    <groups>
    </groups>
    <test started-at="2024-01-03T14:43:07 IST" name="Default test" finished-at="2024-01-03T14:43:23 IST" duration-ms="16582">
      <class name="com.task.Date_Picker">
        <test-method signature="datePicker()[pri:0, instance:com.task.Date_Picker@cecf639]" started-at="2024-01-03T14:43:07 IST" name="datePicker" finished-at="2024-01-03T14:43:23 IST" duration-ms="16489" status="PASS">
          <reporter-output>
          </reporter-output>
        </test-method> <!-- datePicker -->
      </class> <!-- com.task.Date_Picker -->
    </test> <!-- Default test -->
  </suite> <!-- Default suite -->
</testng-results>
